CRITICAL - 2020-06-23 00:00:46 --> syntax error, unexpected ';', expecting ']'
#0 D:\laragon\www\ci4_jwt\system\Router\Router.php(192): CodeIgniter\Router\Router->autoRoute('home')
#1 D:\laragon\www\ci4_jwt\system\CodeIgniter.php(785): CodeIgniter\Router\Router->handle('home')
#2 D:\laragon\www\ci4_jwt\system\CodeIgniter.php(358): CodeIgniter\CodeIgniter->tryToRouteIt(Object(CodeIgniter\Router\RouteCollection))
#3 D:\laragon\www\ci4_jwt\system\CodeIgniter.php(306): CodeIgniter\CodeIgniter->handleRequest(NULL, Object(Config\Cache), false)
#4 D:\laragon\www\ci4_jwt\public\index.php(45): CodeIgniter\CodeIgniter->run()
#5 {main}
CRITICAL - 2020-06-23 20:50:46 --> syntax error, unexpected '}'
#0 D:\laragon\www\ci4_jwt\system\Router\Router.php(192): CodeIgniter\Router\Router->autoRoute('wilayah')
#1 D:\laragon\www\ci4_jwt\system\CodeIgniter.php(785): CodeIgniter\Router\Router->handle('wilayah')
#2 D:\laragon\www\ci4_jwt\system\CodeIgniter.php(358): CodeIgniter\CodeIgniter->tryToRouteIt(Object(CodeIgniter\Router\RouteCollection))
#3 D:\laragon\www\ci4_jwt\system\CodeIgniter.php(306): CodeIgniter\CodeIgniter->handleRequest(NULL, Object(Config\Cache), false)
#4 D:\laragon\www\ci4_jwt\public\index.php(45): CodeIgniter\CodeIgniter->run()
#5 {main}
CRITICAL - 2020-06-23 21:10:46 --> Call to a member function getResultArray() on null
#0 D:\laragon\www\ci4_jwt\system\CodeIgniter.php(910): App\Controllers\Wilayah->index()
#1 D:\laragon\www\ci4_jwt\system\CodeIgniter.php(398): CodeIgniter\CodeIgniter->runController(Object(App\Controllers\Wilayah))
#2 D:\laragon\www\ci4_jwt\system\CodeIgniter.php(306): CodeIgniter\CodeIgniter->handleRequest(NULL, Object(Config\Cache), false)
#3 D:\laragon\www\ci4_jwt\public\index.php(45): CodeIgniter\CodeIgniter->run()
#4 {main}
CRITICAL - 2020-06-23 21:11:43 --> Call to a member function getResultArray() on null
#0 D:\laragon\www\ci4_jwt\system\CodeIgniter.php(910): App\Controllers\Wilayah->index()
#1 D:\laragon\www\ci4_jwt\system\CodeIgniter.php(398): CodeIgniter\CodeIgniter->runController(Object(App\Controllers\Wilayah))
#2 D:\laragon\www\ci4_jwt\system\CodeIgniter.php(306): CodeIgniter\CodeIgniter->handleRequest(NULL, Object(Config\Cache), false)
#3 D:\laragon\www\ci4_jwt\public\index.php(45): CodeIgniter\CodeIgniter->run()
#4 {main}
CRITICAL - 2020-06-23 21:11:45 --> Call to a member function getResultArray() on null
#0 D:\laragon\www\ci4_jwt\system\CodeIgniter.php(910): App\Controllers\Wilayah->index()
#1 D:\laragon\www\ci4_jwt\system\CodeIgniter.php(398): CodeIgniter\CodeIgniter->runController(Object(App\Controllers\Wilayah))
#2 D:\laragon\www\ci4_jwt\system\CodeIgniter.php(306): CodeIgniter\CodeIgniter->handleRequest(NULL, Object(Config\Cache), false)
#3 D:\laragon\www\ci4_jwt\public\index.php(45): CodeIgniter\CodeIgniter->run()
#4 {main}
CRITICAL - 2020-06-23 21:11:52 --> Call to a member function getResultArray() on null
#0 D:\laragon\www\ci4_jwt\system\CodeIgniter.php(910): App\Controllers\Wilayah->index()
#1 D:\laragon\www\ci4_jwt\system\CodeIgniter.php(398): CodeIgniter\CodeIgniter->runController(Object(App\Controllers\Wilayah))
#2 D:\laragon\www\ci4_jwt\system\CodeIgniter.php(306): CodeIgniter\CodeIgniter->handleRequest(NULL, Object(Config\Cache), false)
#3 D:\laragon\www\ci4_jwt\public\index.php(45): CodeIgniter\CodeIgniter->run()
#4 {main}
CRITICAL - 2020-06-23 21:12:13 --> Call to a member function getResultArray() on null
#0 D:\laragon\www\ci4_jwt\system\CodeIgniter.php(910): App\Controllers\Wilayah->index()
#1 D:\laragon\www\ci4_jwt\system\CodeIgniter.php(398): CodeIgniter\CodeIgniter->runController(Object(App\Controllers\Wilayah))
#2 D:\laragon\www\ci4_jwt\system\CodeIgniter.php(306): CodeIgniter\CodeIgniter->handleRequest(NULL, Object(Config\Cache), false)
#3 D:\laragon\www\ci4_jwt\public\index.php(45): CodeIgniter\CodeIgniter->run()
#4 {main}
CRITICAL - 2020-06-23 21:12:14 --> Call to a member function getResultArray() on null
#0 D:\laragon\www\ci4_jwt\system\CodeIgniter.php(910): App\Controllers\Wilayah->index()
#1 D:\laragon\www\ci4_jwt\system\CodeIgniter.php(398): CodeIgniter\CodeIgniter->runController(Object(App\Controllers\Wilayah))
#2 D:\laragon\www\ci4_jwt\system\CodeIgniter.php(306): CodeIgniter\CodeIgniter->handleRequest(NULL, Object(Config\Cache), false)
#3 D:\laragon\www\ci4_jwt\public\index.php(45): CodeIgniter\CodeIgniter->run()
#4 {main}
CRITICAL - 2020-06-23 21:12:14 --> Call to a member function getResultArray() on null
#0 D:\laragon\www\ci4_jwt\system\CodeIgniter.php(910): App\Controllers\Wilayah->index()
#1 D:\laragon\www\ci4_jwt\system\CodeIgniter.php(398): CodeIgniter\CodeIgniter->runController(Object(App\Controllers\Wilayah))
#2 D:\laragon\www\ci4_jwt\system\CodeIgniter.php(306): CodeIgniter\CodeIgniter->handleRequest(NULL, Object(Config\Cache), false)
#3 D:\laragon\www\ci4_jwt\public\index.php(45): CodeIgniter\CodeIgniter->run()
#4 {main}
CRITICAL - 2020-06-23 21:12:14 --> Call to a member function getResultArray() on null
#0 D:\laragon\www\ci4_jwt\system\CodeIgniter.php(910): App\Controllers\Wilayah->index()
#1 D:\laragon\www\ci4_jwt\system\CodeIgniter.php(398): CodeIgniter\CodeIgniter->runController(Object(App\Controllers\Wilayah))
#2 D:\laragon\www\ci4_jwt\system\CodeIgniter.php(306): CodeIgniter\CodeIgniter->handleRequest(NULL, Object(Config\Cache), false)
#3 D:\laragon\www\ci4_jwt\public\index.php(45): CodeIgniter\CodeIgniter->run()
#4 {main}
CRITICAL - 2020-06-23 21:12:14 --> Call to a member function getResultArray() on null
#0 D:\laragon\www\ci4_jwt\system\CodeIgniter.php(910): App\Controllers\Wilayah->index()
#1 D:\laragon\www\ci4_jwt\system\CodeIgniter.php(398): CodeIgniter\CodeIgniter->runController(Object(App\Controllers\Wilayah))
#2 D:\laragon\www\ci4_jwt\system\CodeIgniter.php(306): CodeIgniter\CodeIgniter->handleRequest(NULL, Object(Config\Cache), false)
#3 D:\laragon\www\ci4_jwt\public\index.php(45): CodeIgniter\CodeIgniter->run()
#4 {main}
CRITICAL - 2020-06-23 21:12:14 --> Call to a member function getResultArray() on null
#0 D:\laragon\www\ci4_jwt\system\CodeIgniter.php(910): App\Controllers\Wilayah->index()
#1 D:\laragon\www\ci4_jwt\system\CodeIgniter.php(398): CodeIgniter\CodeIgniter->runController(Object(App\Controllers\Wilayah))
#2 D:\laragon\www\ci4_jwt\system\CodeIgniter.php(306): CodeIgniter\CodeIgniter->handleRequest(NULL, Object(Config\Cache), false)
#3 D:\laragon\www\ci4_jwt\public\index.php(45): CodeIgniter\CodeIgniter->run()
#4 {main}
CRITICAL - 2020-06-23 21:12:15 --> Call to a member function getResultArray() on null
#0 D:\laragon\www\ci4_jwt\system\CodeIgniter.php(910): App\Controllers\Wilayah->index()
#1 D:\laragon\www\ci4_jwt\system\CodeIgniter.php(398): CodeIgniter\CodeIgniter->runController(Object(App\Controllers\Wilayah))
#2 D:\laragon\www\ci4_jwt\system\CodeIgniter.php(306): CodeIgniter\CodeIgniter->handleRequest(NULL, Object(Config\Cache), false)
#3 D:\laragon\www\ci4_jwt\public\index.php(45): CodeIgniter\CodeIgniter->run()
#4 {main}
CRITICAL - 2020-06-23 21:12:32 --> Call to a member function getResultArray() on null
#0 D:\laragon\www\ci4_jwt\system\CodeIgniter.php(910): App\Controllers\Wilayah->index()
#1 D:\laragon\www\ci4_jwt\system\CodeIgniter.php(398): CodeIgniter\CodeIgniter->runController(Object(App\Controllers\Wilayah))
#2 D:\laragon\www\ci4_jwt\system\CodeIgniter.php(306): CodeIgniter\CodeIgniter->handleRequest(NULL, Object(Config\Cache), false)
#3 D:\laragon\www\ci4_jwt\public\index.php(45): CodeIgniter\CodeIgniter->run()
#4 {main}
CRITICAL - 2020-06-23 21:14:09 --> Call to a member function getResultArray() on null
#0 D:\laragon\www\ci4_jwt\system\CodeIgniter.php(910): App\Controllers\Wilayah->index()
#1 D:\laragon\www\ci4_jwt\system\CodeIgniter.php(398): CodeIgniter\CodeIgniter->runController(Object(App\Controllers\Wilayah))
#2 D:\laragon\www\ci4_jwt\system\CodeIgniter.php(306): CodeIgniter\CodeIgniter->handleRequest(NULL, Object(Config\Cache), false)
#3 D:\laragon\www\ci4_jwt\public\index.php(45): CodeIgniter\CodeIgniter->run()
#4 {main}
CRITICAL - 2020-06-23 21:14:10 --> Call to a member function getResultArray() on null
#0 D:\laragon\www\ci4_jwt\system\CodeIgniter.php(910): App\Controllers\Wilayah->index()
#1 D:\laragon\www\ci4_jwt\system\CodeIgniter.php(398): CodeIgniter\CodeIgniter->runController(Object(App\Controllers\Wilayah))
#2 D:\laragon\www\ci4_jwt\system\CodeIgniter.php(306): CodeIgniter\CodeIgniter->handleRequest(NULL, Object(Config\Cache), false)
#3 D:\laragon\www\ci4_jwt\public\index.php(45): CodeIgniter\CodeIgniter->run()
#4 {main}
CRITICAL - 2020-06-23 21:14:10 --> Call to a member function getResultArray() on null
#0 D:\laragon\www\ci4_jwt\system\CodeIgniter.php(910): App\Controllers\Wilayah->index()
#1 D:\laragon\www\ci4_jwt\system\CodeIgniter.php(398): CodeIgniter\CodeIgniter->runController(Object(App\Controllers\Wilayah))
#2 D:\laragon\www\ci4_jwt\system\CodeIgniter.php(306): CodeIgniter\CodeIgniter->handleRequest(NULL, Object(Config\Cache), false)
#3 D:\laragon\www\ci4_jwt\public\index.php(45): CodeIgniter\CodeIgniter->run()
#4 {main}
CRITICAL - 2020-06-23 21:14:10 --> Call to a member function getResultArray() on null
#0 D:\laragon\www\ci4_jwt\system\CodeIgniter.php(910): App\Controllers\Wilayah->index()
#1 D:\laragon\www\ci4_jwt\system\CodeIgniter.php(398): CodeIgniter\CodeIgniter->runController(Object(App\Controllers\Wilayah))
#2 D:\laragon\www\ci4_jwt\system\CodeIgniter.php(306): CodeIgniter\CodeIgniter->handleRequest(NULL, Object(Config\Cache), false)
#3 D:\laragon\www\ci4_jwt\public\index.php(45): CodeIgniter\CodeIgniter->run()
#4 {main}
CRITICAL - 2020-06-23 21:14:11 --> Call to a member function getResultArray() on null
#0 D:\laragon\www\ci4_jwt\system\CodeIgniter.php(910): App\Controllers\Wilayah->index()
#1 D:\laragon\www\ci4_jwt\system\CodeIgniter.php(398): CodeIgniter\CodeIgniter->runController(Object(App\Controllers\Wilayah))
#2 D:\laragon\www\ci4_jwt\system\CodeIgniter.php(306): CodeIgniter\CodeIgniter->handleRequest(NULL, Object(Config\Cache), false)
#3 D:\laragon\www\ci4_jwt\public\index.php(45): CodeIgniter\CodeIgniter->run()
#4 {main}
CRITICAL - 2020-06-23 21:14:12 --> Call to a member function getResultArray() on null
#0 D:\laragon\www\ci4_jwt\system\CodeIgniter.php(910): App\Controllers\Wilayah->index()
#1 D:\laragon\www\ci4_jwt\system\CodeIgniter.php(398): CodeIgniter\CodeIgniter->runController(Object(App\Controllers\Wilayah))
#2 D:\laragon\www\ci4_jwt\system\CodeIgniter.php(306): CodeIgniter\CodeIgniter->handleRequest(NULL, Object(Config\Cache), false)
#3 D:\laragon\www\ci4_jwt\public\index.php(45): CodeIgniter\CodeIgniter->run()
#4 {main}
CRITICAL - 2020-06-23 21:14:12 --> Call to a member function getResultArray() on null
#0 D:\laragon\www\ci4_jwt\system\CodeIgniter.php(910): App\Controllers\Wilayah->index()
#1 D:\laragon\www\ci4_jwt\system\CodeIgniter.php(398): CodeIgniter\CodeIgniter->runController(Object(App\Controllers\Wilayah))
#2 D:\laragon\www\ci4_jwt\system\CodeIgniter.php(306): CodeIgniter\CodeIgniter->handleRequest(NULL, Object(Config\Cache), false)
#3 D:\laragon\www\ci4_jwt\public\index.php(45): CodeIgniter\CodeIgniter->run()
#4 {main}
CRITICAL - 2020-06-23 21:14:12 --> Call to a member function getResultArray() on null
#0 D:\laragon\www\ci4_jwt\system\CodeIgniter.php(910): App\Controllers\Wilayah->index()
#1 D:\laragon\www\ci4_jwt\system\CodeIgniter.php(398): CodeIgniter\CodeIgniter->runController(Object(App\Controllers\Wilayah))
#2 D:\laragon\www\ci4_jwt\system\CodeIgniter.php(306): CodeIgniter\CodeIgniter->handleRequest(NULL, Object(Config\Cache), false)
#3 D:\laragon\www\ci4_jwt\public\index.php(45): CodeIgniter\CodeIgniter->run()
#4 {main}
CRITICAL - 2020-06-23 21:14:12 --> Call to a member function getResultArray() on null
#0 D:\laragon\www\ci4_jwt\system\CodeIgniter.php(910): App\Controllers\Wilayah->index()
#1 D:\laragon\www\ci4_jwt\system\CodeIgniter.php(398): CodeIgniter\CodeIgniter->runController(Object(App\Controllers\Wilayah))
#2 D:\laragon\www\ci4_jwt\system\CodeIgniter.php(306): CodeIgniter\CodeIgniter->handleRequest(NULL, Object(Config\Cache), false)
#3 D:\laragon\www\ci4_jwt\public\index.php(45): CodeIgniter\CodeIgniter->run()
#4 {main}
CRITICAL - 2020-06-23 21:15:05 --> Call to a member function getResultArray() on null
#0 D:\laragon\www\ci4_jwt\system\CodeIgniter.php(910): App\Controllers\Wilayah->index()
#1 D:\laragon\www\ci4_jwt\system\CodeIgniter.php(398): CodeIgniter\CodeIgniter->runController(Object(App\Controllers\Wilayah))
#2 D:\laragon\www\ci4_jwt\system\CodeIgniter.php(306): CodeIgniter\CodeIgniter->handleRequest(NULL, Object(Config\Cache), false)
#3 D:\laragon\www\ci4_jwt\public\index.php(45): CodeIgniter\CodeIgniter->run()
#4 {main}
CRITICAL - 2020-06-23 21:15:06 --> Call to a member function getResultArray() on null
#0 D:\laragon\www\ci4_jwt\system\CodeIgniter.php(910): App\Controllers\Wilayah->index()
#1 D:\laragon\www\ci4_jwt\system\CodeIgniter.php(398): CodeIgniter\CodeIgniter->runController(Object(App\Controllers\Wilayah))
#2 D:\laragon\www\ci4_jwt\system\CodeIgniter.php(306): CodeIgniter\CodeIgniter->handleRequest(NULL, Object(Config\Cache), false)
#3 D:\laragon\www\ci4_jwt\public\index.php(45): CodeIgniter\CodeIgniter->run()
#4 {main}
CRITICAL - 2020-06-23 21:16:04 --> Call to a member function getResultArray() on null
#0 D:\laragon\www\ci4_jwt\system\CodeIgniter.php(910): App\Controllers\Wilayah->index()
#1 D:\laragon\www\ci4_jwt\system\CodeIgniter.php(398): CodeIgniter\CodeIgniter->runController(Object(App\Controllers\Wilayah))
#2 D:\laragon\www\ci4_jwt\system\CodeIgniter.php(306): CodeIgniter\CodeIgniter->handleRequest(NULL, Object(Config\Cache), false)
#3 D:\laragon\www\ci4_jwt\public\index.php(45): CodeIgniter\CodeIgniter->run()
#4 {main}
CRITICAL - 2020-06-23 21:16:22 --> Call to a member function getResultArray() on null
#0 D:\laragon\www\ci4_jwt\system\CodeIgniter.php(910): App\Controllers\Wilayah->index()
#1 D:\laragon\www\ci4_jwt\system\CodeIgniter.php(398): CodeIgniter\CodeIgniter->runController(Object(App\Controllers\Wilayah))
#2 D:\laragon\www\ci4_jwt\system\CodeIgniter.php(306): CodeIgniter\CodeIgniter->handleRequest(NULL, Object(Config\Cache), false)
#3 D:\laragon\www\ci4_jwt\public\index.php(45): CodeIgniter\CodeIgniter->run()
#4 {main}
CRITICAL - 2020-06-23 21:21:52 --> Call to a member function getResultArray() on null
#0 D:\laragon\www\ci4_jwt\system\CodeIgniter.php(910): App\Controllers\Wilayah->index()
#1 D:\laragon\www\ci4_jwt\system\CodeIgniter.php(398): CodeIgniter\CodeIgniter->runController(Object(App\Controllers\Wilayah))
#2 D:\laragon\www\ci4_jwt\system\CodeIgniter.php(306): CodeIgniter\CodeIgniter->handleRequest(NULL, Object(Config\Cache), false)
#3 D:\laragon\www\ci4_jwt\public\index.php(45): CodeIgniter\CodeIgniter->run()
#4 {main}
CRITICAL - 2020-06-23 21:23:10 --> Call to a member function getResultArray() on null
#0 D:\laragon\www\ci4_jwt\system\CodeIgniter.php(910): App\Controllers\Wilayah->index()
#1 D:\laragon\www\ci4_jwt\system\CodeIgniter.php(398): CodeIgniter\CodeIgniter->runController(Object(App\Controllers\Wilayah))
#2 D:\laragon\www\ci4_jwt\system\CodeIgniter.php(306): CodeIgniter\CodeIgniter->handleRequest(NULL, Object(Config\Cache), false)
#3 D:\laragon\www\ci4_jwt\public\index.php(45): CodeIgniter\CodeIgniter->run()
#4 {main}
CRITICAL - 2020-06-23 21:27:27 --> Call to a member function getResultArray() on null
#0 D:\laragon\www\ci4_jwt\system\CodeIgniter.php(910): App\Controllers\Wilayah->index()
#1 D:\laragon\www\ci4_jwt\system\CodeIgniter.php(398): CodeIgniter\CodeIgniter->runController(Object(App\Controllers\Wilayah))
#2 D:\laragon\www\ci4_jwt\system\CodeIgniter.php(306): CodeIgniter\CodeIgniter->handleRequest(NULL, Object(Config\Cache), false)
#3 D:\laragon\www\ci4_jwt\public\index.php(45): CodeIgniter\CodeIgniter->run()
#4 {main}
CRITICAL - 2020-06-23 21:30:07 --> Call to a member function getResultArray() on null
#0 D:\laragon\www\ci4_jwt\system\CodeIgniter.php(910): App\Controllers\Wilayah->index()
#1 D:\laragon\www\ci4_jwt\system\CodeIgniter.php(398): CodeIgniter\CodeIgniter->runController(Object(App\Controllers\Wilayah))
#2 D:\laragon\www\ci4_jwt\system\CodeIgniter.php(306): CodeIgniter\CodeIgniter->handleRequest(NULL, Object(Config\Cache), false)
#3 D:\laragon\www\ci4_jwt\public\index.php(45): CodeIgniter\CodeIgniter->run()
#4 {main}
CRITICAL - 2020-06-23 21:30:09 --> Call to a member function getResultArray() on null
#0 D:\laragon\www\ci4_jwt\system\CodeIgniter.php(910): App\Controllers\Wilayah->index()
#1 D:\laragon\www\ci4_jwt\system\CodeIgniter.php(398): CodeIgniter\CodeIgniter->runController(Object(App\Controllers\Wilayah))
#2 D:\laragon\www\ci4_jwt\system\CodeIgniter.php(306): CodeIgniter\CodeIgniter->handleRequest(NULL, Object(Config\Cache), false)
#3 D:\laragon\www\ci4_jwt\public\index.php(45): CodeIgniter\CodeIgniter->run()
#4 {main}
CRITICAL - 2020-06-23 21:30:09 --> Call to a member function getResultArray() on null
#0 D:\laragon\www\ci4_jwt\system\CodeIgniter.php(910): App\Controllers\Wilayah->index()
#1 D:\laragon\www\ci4_jwt\system\CodeIgniter.php(398): CodeIgniter\CodeIgniter->runController(Object(App\Controllers\Wilayah))
#2 D:\laragon\www\ci4_jwt\system\CodeIgniter.php(306): CodeIgniter\CodeIgniter->handleRequest(NULL, Object(Config\Cache), false)
#3 D:\laragon\www\ci4_jwt\public\index.php(45): CodeIgniter\CodeIgniter->run()
#4 {main}
CRITICAL - 2020-06-23 21:50:42 --> Undefined offset: 1
#0 D:\laragon\www\ci4_jwt\app\Controllers\Wilayah.php(36): CodeIgniter\Debug\Exceptions->errorHandler(8, 'Undefined offse...', 'D:\\laragon\\www\\...', 36, Array)
#1 D:\laragon\www\ci4_jwt\system\CodeIgniter.php(910): App\Controllers\Wilayah->index()
#2 D:\laragon\www\ci4_jwt\system\CodeIgniter.php(398): CodeIgniter\CodeIgniter->runController(Object(App\Controllers\Wilayah))
#3 D:\laragon\www\ci4_jwt\system\CodeIgniter.php(306): CodeIgniter\CodeIgniter->handleRequest(NULL, Object(Config\Cache), false)
#4 D:\laragon\www\ci4_jwt\public\index.php(45): CodeIgniter\CodeIgniter->run()
#5 {main}
CRITICAL - 2020-06-23 21:55:57 --> Unknown column 'districts_id' in 'where clause'
#0 D:\laragon\www\ci4_jwt\system\Database\MySQLi\Connection.php(330): mysqli->query('SELECT *\nFROM `...')
#1 D:\laragon\www\ci4_jwt\system\Database\BaseConnection.php(738): CodeIgniter\Database\MySQLi\Connection->execute('SELECT *\nFROM `...')
#2 D:\laragon\www\ci4_jwt\system\Database\BaseConnection.php(666): CodeIgniter\Database\BaseConnection->simpleQuery('SELECT *\nFROM `...')
#3 D:\laragon\www\ci4_jwt\system\Database\BaseBuilder.php(1819): CodeIgniter\Database\BaseConnection->query('SELECT *\nFROM `...', Array, false)
#4 D:\laragon\www\ci4_jwt\app\Models\Wilayahri_model.php(71): CodeIgniter\Database\BaseBuilder->get()
#5 D:\laragon\www\ci4_jwt\app\Controllers\Wilayah.php(75): App\Models\Wilayahri_model->get_kel('1102010')
#6 D:\laragon\www\ci4_jwt\system\CodeIgniter.php(910): App\Controllers\Wilayah->index()
#7 D:\laragon\www\ci4_jwt\system\CodeIgniter.php(398): CodeIgniter\CodeIgniter->runController(Object(App\Controllers\Wilayah))
#8 D:\laragon\www\ci4_jwt\system\CodeIgniter.php(306): CodeIgniter\CodeIgniter->handleRequest(NULL, Object(Config\Cache), false)
#9 D:\laragon\www\ci4_jwt\public\index.php(45): CodeIgniter\CodeIgniter->run()
#10 {main}
CRITICAL - 2020-06-23 23:51:52 --> Undefined variable: dat
#0 D:\laragon\www\ci4_jwt\app\Controllers\Wilayah.php(83): CodeIgniter\Debug\Exceptions->errorHandler(8, 'Undefined varia...', 'D:\\laragon\\www\\...', 83, Array)
#1 D:\laragon\www\ci4_jwt\system\CodeIgniter.php(910): App\Controllers\Wilayah->index()
#2 D:\laragon\www\ci4_jwt\system\CodeIgniter.php(398): CodeIgniter\CodeIgniter->runController(Object(App\Controllers\Wilayah))
#3 D:\laragon\www\ci4_jwt\system\CodeIgniter.php(306): CodeIgniter\CodeIgniter->handleRequest(NULL, Object(Config\Cache), false)
#4 D:\laragon\www\ci4_jwt\public\index.php(45): CodeIgniter\CodeIgniter->run()
#5 {main}
