CRITICAL - 2020-06-19 02:16:14 --> syntax error, unexpected '' (T_ENCAPSED_AND_WHITESPACE), expecting '-' or identifier (T_STRING) or variable (T_VARIABLE) or number (T_NUM_STRING)
#0 D:\laragon\www\codeigniter-4-auth-with-jwt\system\Router\Router.php(192): CodeIgniter\Router\Router->autoRoute('auth/register')
#1 D:\laragon\www\codeigniter-4-auth-with-jwt\system\CodeIgniter.php(785): CodeIgniter\Router\Router->handle('auth/register')
#2 D:\laragon\www\codeigniter-4-auth-with-jwt\system\CodeIgniter.php(358): CodeIgniter\CodeIgniter->tryToRouteIt(Object(CodeIgniter\Router\RouteCollection))
#3 D:\laragon\www\codeigniter-4-auth-with-jwt\system\CodeIgniter.php(306): CodeIgniter\CodeIgniter->handleRequest(NULL, Object(Config\Cache), false)
#4 D:\laragon\www\codeigniter-4-auth-with-jwt\public\index.php(45): CodeIgniter\CodeIgniter->run()
#5 D:\laragon\www\codeigniter-4-auth-with-jwt\system\Commands\Server\rewrite.php(34): require_once('D:\\laragon\\www\\...')
#6 {main}
CRITICAL - 2020-06-19 02:16:31 --> syntax error, unexpected '' (T_ENCAPSED_AND_WHITESPACE), expecting '-' or identifier (T_STRING) or variable (T_VARIABLE) or number (T_NUM_STRING)
#0 D:\laragon\www\codeigniter-4-auth-with-jwt\system\Router\Router.php(192): CodeIgniter\Router\Router->autoRoute('auth/register')
#1 D:\laragon\www\codeigniter-4-auth-with-jwt\system\CodeIgniter.php(785): CodeIgniter\Router\Router->handle('auth/register')
#2 D:\laragon\www\codeigniter-4-auth-with-jwt\system\CodeIgniter.php(358): CodeIgniter\CodeIgniter->tryToRouteIt(Object(CodeIgniter\Router\RouteCollection))
#3 D:\laragon\www\codeigniter-4-auth-with-jwt\system\CodeIgniter.php(306): CodeIgniter\CodeIgniter->handleRequest(NULL, Object(Config\Cache), false)
#4 D:\laragon\www\codeigniter-4-auth-with-jwt\public\index.php(45): CodeIgniter\CodeIgniter->run()
#5 D:\laragon\www\codeigniter-4-auth-with-jwt\system\Commands\Server\rewrite.php(34): require_once('D:\\laragon\\www\\...')
#6 {main}
CRITICAL - 2020-06-19 02:16:37 --> syntax error, unexpected '' (T_ENCAPSED_AND_WHITESPACE), expecting '-' or identifier (T_STRING) or variable (T_VARIABLE) or number (T_NUM_STRING)
#0 D:\laragon\www\codeigniter-4-auth-with-jwt\system\Autoloader\Autoloader.php(296): CodeIgniter\Autoloader\Autoloader->requireFile('D:\\laragon\\www\\...')
#1 D:\laragon\www\codeigniter-4-auth-with-jwt\system\Autoloader\Autoloader.php(258): CodeIgniter\Autoloader\Autoloader->loadInNamespace('App\\Controllers...')
#2 [internal function]: CodeIgniter\Autoloader\Autoloader->loadClass('App\\Controllers...')
#3 D:\laragon\www\codeigniter-4-auth-with-jwt\app\Controllers\Home.php(22): spl_autoload_call('App\\Controllers...')
#4 D:\laragon\www\codeigniter-4-auth-with-jwt\system\CodeIgniter.php(882): App\Controllers\Home->__construct()
#5 D:\laragon\www\codeigniter-4-auth-with-jwt\system\CodeIgniter.php(393): CodeIgniter\CodeIgniter->createController()
#6 D:\laragon\www\codeigniter-4-auth-with-jwt\system\CodeIgniter.php(306): CodeIgniter\CodeIgniter->handleRequest(NULL, Object(Config\Cache), false)
#7 D:\laragon\www\codeigniter-4-auth-with-jwt\public\index.php(45): CodeIgniter\CodeIgniter->run()
#8 D:\laragon\www\codeigniter-4-auth-with-jwt\system\Commands\Server\rewrite.php(34): require_once('D:\\laragon\\www\\...')
#9 {main}
CRITICAL - 2020-06-19 02:45:39 --> Undefined offset: 1
#0 D:\laragon\www\ci4_jwt\app\Controllers\Home.php(36): CodeIgniter\Debug\Exceptions->errorHandler(8, 'Undefined offse...', 'D:\\laragon\\www\\...', 36, Array)
#1 D:\laragon\www\ci4_jwt\system\CodeIgniter.php(910): App\Controllers\Home->index()
#2 D:\laragon\www\ci4_jwt\system\CodeIgniter.php(398): CodeIgniter\CodeIgniter->runController(Object(App\Controllers\Home))
#3 D:\laragon\www\ci4_jwt\system\CodeIgniter.php(306): CodeIgniter\CodeIgniter->handleRequest(NULL, Object(Config\Cache), false)
#4 D:\laragon\www\ci4_jwt\public\index.php(45): CodeIgniter\CodeIgniter->run()
#5 {main}
CRITICAL - 2020-06-19 02:45:58 --> Column 'first_name' cannot be null
#0 D:\laragon\www\ci4_jwt\system\Database\MySQLi\Connection.php(330): mysqli->query('INSERT INTO `us...')
#1 D:\laragon\www\ci4_jwt\system\Database\BaseConnection.php(738): CodeIgniter\Database\MySQLi\Connection->execute('INSERT INTO `us...')
#2 D:\laragon\www\ci4_jwt\system\Database\BaseConnection.php(666): CodeIgniter\Database\BaseConnection->simpleQuery('INSERT INTO `us...')
#3 D:\laragon\www\ci4_jwt\system\Database\BaseBuilder.php(2206): CodeIgniter\Database\BaseConnection->query('INSERT INTO `us...', Array, false)
#4 D:\laragon\www\ci4_jwt\app\Models\Auth_model.php(13): CodeIgniter\Database\BaseBuilder->insert(Array)
#5 D:\laragon\www\ci4_jwt\app\Controllers\Auth.php(54): App\Models\Auth_model->register(Array)
#6 D:\laragon\www\ci4_jwt\system\CodeIgniter.php(910): App\Controllers\Auth->register()
#7 D:\laragon\www\ci4_jwt\system\CodeIgniter.php(398): CodeIgniter\CodeIgniter->runController(Object(App\Controllers\Auth))
#8 D:\laragon\www\ci4_jwt\system\CodeIgniter.php(306): CodeIgniter\CodeIgniter->handleRequest(NULL, Object(Config\Cache), false)
#9 D:\laragon\www\ci4_jwt\public\index.php(45): CodeIgniter\CodeIgniter->run()
#10 {main}
CRITICAL - 2020-06-19 02:46:36 --> Column 'first_name' cannot be null
#0 D:\laragon\www\ci4_jwt\system\Database\MySQLi\Connection.php(330): mysqli->query('INSERT INTO `us...')
#1 D:\laragon\www\ci4_jwt\system\Database\BaseConnection.php(738): CodeIgniter\Database\MySQLi\Connection->execute('INSERT INTO `us...')
#2 D:\laragon\www\ci4_jwt\system\Database\BaseConnection.php(666): CodeIgniter\Database\BaseConnection->simpleQuery('INSERT INTO `us...')
#3 D:\laragon\www\ci4_jwt\system\Database\BaseBuilder.php(2206): CodeIgniter\Database\BaseConnection->query('INSERT INTO `us...', Array, false)
#4 D:\laragon\www\ci4_jwt\app\Models\Auth_model.php(13): CodeIgniter\Database\BaseBuilder->insert(Array)
#5 D:\laragon\www\ci4_jwt\app\Controllers\Auth.php(54): App\Models\Auth_model->register(Array)
#6 D:\laragon\www\ci4_jwt\system\CodeIgniter.php(910): App\Controllers\Auth->register()
#7 D:\laragon\www\ci4_jwt\system\CodeIgniter.php(398): CodeIgniter\CodeIgniter->runController(Object(App\Controllers\Auth))
#8 D:\laragon\www\ci4_jwt\system\CodeIgniter.php(306): CodeIgniter\CodeIgniter->handleRequest(NULL, Object(Config\Cache), false)
#9 D:\laragon\www\ci4_jwt\public\index.php(45): CodeIgniter\CodeIgniter->run()
#10 {main}
CRITICAL - 2020-06-19 03:03:50 --> Column 'first_name' cannot be null
#0 D:\laragon\www\ci4_jwt\system\Database\MySQLi\Connection.php(330): mysqli->query('INSERT INTO `us...')
#1 D:\laragon\www\ci4_jwt\system\Database\BaseConnection.php(738): CodeIgniter\Database\MySQLi\Connection->execute('INSERT INTO `us...')
#2 D:\laragon\www\ci4_jwt\system\Database\BaseConnection.php(666): CodeIgniter\Database\BaseConnection->simpleQuery('INSERT INTO `us...')
#3 D:\laragon\www\ci4_jwt\system\Database\BaseBuilder.php(2206): CodeIgniter\Database\BaseConnection->query('INSERT INTO `us...', Array, false)
#4 D:\laragon\www\ci4_jwt\app\Models\Auth_model.php(13): CodeIgniter\Database\BaseBuilder->insert(Array)
#5 D:\laragon\www\ci4_jwt\app\Controllers\Auth.php(54): App\Models\Auth_model->register(Array)
#6 D:\laragon\www\ci4_jwt\system\CodeIgniter.php(910): App\Controllers\Auth->register()
#7 D:\laragon\www\ci4_jwt\system\CodeIgniter.php(398): CodeIgniter\CodeIgniter->runController(Object(App\Controllers\Auth))
#8 D:\laragon\www\ci4_jwt\system\CodeIgniter.php(306): CodeIgniter\CodeIgniter->handleRequest(NULL, Object(Config\Cache), false)
#9 D:\laragon\www\ci4_jwt\public\index.php(45): CodeIgniter\CodeIgniter->run()
#10 {main}
CRITICAL - 2020-06-19 03:15:54 --> Column 'first_name' cannot be null
#0 D:\laragon\www\ci4_jwt\system\Database\MySQLi\Connection.php(330): mysqli->query('INSERT INTO `us...')
#1 D:\laragon\www\ci4_jwt\system\Database\BaseConnection.php(738): CodeIgniter\Database\MySQLi\Connection->execute('INSERT INTO `us...')
#2 D:\laragon\www\ci4_jwt\system\Database\BaseConnection.php(666): CodeIgniter\Database\BaseConnection->simpleQuery('INSERT INTO `us...')
#3 D:\laragon\www\ci4_jwt\system\Database\BaseBuilder.php(2206): CodeIgniter\Database\BaseConnection->query('INSERT INTO `us...', Array, false)
#4 D:\laragon\www\ci4_jwt\app\Models\Auth_model.php(13): CodeIgniter\Database\BaseBuilder->insert(Array)
#5 D:\laragon\www\ci4_jwt\app\Controllers\Auth.php(54): App\Models\Auth_model->register(Array)
#6 D:\laragon\www\ci4_jwt\system\CodeIgniter.php(910): App\Controllers\Auth->register()
#7 D:\laragon\www\ci4_jwt\system\CodeIgniter.php(398): CodeIgniter\CodeIgniter->runController(Object(App\Controllers\Auth))
#8 D:\laragon\www\ci4_jwt\system\CodeIgniter.php(306): CodeIgniter\CodeIgniter->handleRequest(NULL, Object(Config\Cache), false)
#9 D:\laragon\www\ci4_jwt\public\index.php(45): CodeIgniter\CodeIgniter->run()
#10 {main}
CRITICAL - 2020-06-19 04:10:43 --> Column 'first_name' cannot be null
#0 D:\laragon\www\ci4_jwt\system\Database\MySQLi\Connection.php(330): mysqli->query('INSERT INTO `us...')
#1 D:\laragon\www\ci4_jwt\system\Database\BaseConnection.php(738): CodeIgniter\Database\MySQLi\Connection->execute('INSERT INTO `us...')
#2 D:\laragon\www\ci4_jwt\system\Database\BaseConnection.php(666): CodeIgniter\Database\BaseConnection->simpleQuery('INSERT INTO `us...')
#3 D:\laragon\www\ci4_jwt\system\Database\BaseBuilder.php(2206): CodeIgniter\Database\BaseConnection->query('INSERT INTO `us...', Array, false)
#4 D:\laragon\www\ci4_jwt\app\Models\Auth_model.php(13): CodeIgniter\Database\BaseBuilder->insert(Array)
#5 D:\laragon\www\ci4_jwt\app\Controllers\Auth.php(54): App\Models\Auth_model->register(Array)
#6 D:\laragon\www\ci4_jwt\system\CodeIgniter.php(910): App\Controllers\Auth->register()
#7 D:\laragon\www\ci4_jwt\system\CodeIgniter.php(398): CodeIgniter\CodeIgniter->runController(Object(App\Controllers\Auth))
#8 D:\laragon\www\ci4_jwt\system\CodeIgniter.php(306): CodeIgniter\CodeIgniter->handleRequest(NULL, Object(Config\Cache), false)
#9 D:\laragon\www\ci4_jwt\public\index.php(45): CodeIgniter\CodeIgniter->run()
#10 {main}
CRITICAL - 2020-06-19 04:11:05 --> Column 'first_name' cannot be null
#0 D:\laragon\www\ci4_jwt\system\Database\MySQLi\Connection.php(330): mysqli->query('INSERT INTO `us...')
#1 D:\laragon\www\ci4_jwt\system\Database\BaseConnection.php(738): CodeIgniter\Database\MySQLi\Connection->execute('INSERT INTO `us...')
#2 D:\laragon\www\ci4_jwt\system\Database\BaseConnection.php(666): CodeIgniter\Database\BaseConnection->simpleQuery('INSERT INTO `us...')
#3 D:\laragon\www\ci4_jwt\system\Database\BaseBuilder.php(2206): CodeIgniter\Database\BaseConnection->query('INSERT INTO `us...', Array, false)
#4 D:\laragon\www\ci4_jwt\app\Models\Auth_model.php(13): CodeIgniter\Database\BaseBuilder->insert(Array)
#5 D:\laragon\www\ci4_jwt\app\Controllers\Auth.php(54): App\Models\Auth_model->register(Array)
#6 D:\laragon\www\ci4_jwt\system\CodeIgniter.php(910): App\Controllers\Auth->register()
#7 D:\laragon\www\ci4_jwt\system\CodeIgniter.php(398): CodeIgniter\CodeIgniter->runController(Object(App\Controllers\Auth))
#8 D:\laragon\www\ci4_jwt\system\CodeIgniter.php(306): CodeIgniter\CodeIgniter->handleRequest(NULL, Object(Config\Cache), false)
#9 D:\laragon\www\ci4_jwt\public\index.php(45): CodeIgniter\CodeIgniter->run()
#10 {main}
CRITICAL - 2020-06-19 04:11:31 --> Column 'first_name' cannot be null
#0 D:\laragon\www\ci4_jwt\system\Database\MySQLi\Connection.php(330): mysqli->query('INSERT INTO `us...')
#1 D:\laragon\www\ci4_jwt\system\Database\BaseConnection.php(738): CodeIgniter\Database\MySQLi\Connection->execute('INSERT INTO `us...')
#2 D:\laragon\www\ci4_jwt\system\Database\BaseConnection.php(666): CodeIgniter\Database\BaseConnection->simpleQuery('INSERT INTO `us...')
#3 D:\laragon\www\ci4_jwt\system\Database\BaseBuilder.php(2206): CodeIgniter\Database\BaseConnection->query('INSERT INTO `us...', Array, false)
#4 D:\laragon\www\ci4_jwt\app\Models\Auth_model.php(13): CodeIgniter\Database\BaseBuilder->insert(Array)
#5 D:\laragon\www\ci4_jwt\app\Controllers\Auth.php(54): App\Models\Auth_model->register(Array)
#6 D:\laragon\www\ci4_jwt\system\CodeIgniter.php(910): App\Controllers\Auth->register()
#7 D:\laragon\www\ci4_jwt\system\CodeIgniter.php(398): CodeIgniter\CodeIgniter->runController(Object(App\Controllers\Auth))
#8 D:\laragon\www\ci4_jwt\system\CodeIgniter.php(306): CodeIgniter\CodeIgniter->handleRequest(NULL, Object(Config\Cache), false)
#9 D:\laragon\www\ci4_jwt\public\index.php(45): CodeIgniter\CodeIgniter->run()
#10 {main}
